2022-08-16 16:11:20|771.4µs|404|GET|/api/location/autocomplete|::1|location=Lagos|0 B|9 B||
2022-08-16 16:12:08|308.2µs|404|GET|/api/location/autocomplete|::1|location=Lagos|0 B|9 B||
2022-08-16 16:13:10|0s|404|GET|/api/location/autocomplete|::1|location=Lagos|0 B|9 B||
2022-08-16 16:14:16|0s|404|GET|/api/location/autocomplete|::1|location=San Diego|0 B|9 B||
2022-08-16 16:14:38|0s|404|GET|/api/location/autocomplete|::1|location=San Diego|0 B|9 B||
2022-08-16 16:17:08|417.1µs|404|GET|/api/location/autocomplete|::1|location=San Diego|0 B|9 B||
2022-08-16 16:17:11|105.6µs|404|GET|/api/location/autocomplete|::1|location=San Diego|0 B|9 B||
2022-08-16 16:27:30|767.9531ms|500|GET|/api/location/autocomplete|::1|location=San Diego|0 B|93 B||
2022-08-16 16:28:30|192.3966ms|500|GET|/api/location/autocomplete|::1|location=Lagos|0 B|93 B||
2022-08-16 16:30:39|564.8309ms|500|GET|/api/location/autocomplete|::1|location=Lagos|0 B|93 B||
2022-08-16 16:31:14|188.7312ms|500|GET|/api/location/autocomplete|::1|location=San Diego|0 B|93 B||
2022-08-16 16:33:20|882.2866ms|500|GET|/api/location/autocomplete|::1|location=San Diego|0 B|93 B||
2022-08-16 16:35:03|2.3900448s|500|GET|/api/location/autocomplete|::1|location=San Diego|0 B|93 B||
2022-08-16 16:36:48|654.4301ms|200|GET|/api/location/autocomplete|::1|location=San Diego|0 B|6.7 KB||
2022-08-16 16:38:08|260.6206ms|200|GET|/api/location/autocomplete|::1|limit=2 location=San Diego|0 B|6.7 KB||
2022-08-16 16:39:36|226.1664ms|200|GET|/api/location/autocomplete|::1|limit=2 location=San Diego|0 B|6.7 KB||
2022-08-16 16:40:03|199.8944ms|200|GET|/api/location/autocomplete|::1|limit=2 location=Lagos|0 B|4.9 KB||
2022-08-16 16:43:17|740.9961ms|200|GET|/api/location/autocomplete|::1|limit=2 location=Lagos|0 B|4.9 KB||
2022-08-16 16:44:01|623.178ms|200|GET|/api/location/autocomplete|::1|limit=2 location=Lagos|0 B|904 B||
2022-08-16 16:53:02|1.0014ms|404|GET|/api/location/search|::1|location=Lagos|0 B|9 B||
2022-08-16 16:56:37|1.0231566s|200|GET|/api/location/search|::1|location=Lagos|0 B|4.3 KB||
